<?xml version="1.0" encoding="UTF-8"?>
<!-- Generated by org.testng.reporters.JUnitReportReporter -->
<testsuite skipped="6" hostname="LNLA0023" name="com.qait.tap.hristest.AutomationQAmaven.AppTest" tests="7" failures="0" timestamp="21 Jun 2018 12:36:50 GMT" time="0.073" errors="1">
  <testcase name="page6" time="0.000" classname="com.qait.tap.hristest.AutomationQAmaven.AppTest">
    <skipped/>
  </testcase> <!-- page6 -->
  <testcase name="before" time="0.073" classname="com.qait.tap.hristest.AutomationQAmaven.AppTest">
    <error type="java.lang.IllegalStateException" message="The driver executable does not exist: D:\Neha Workspace\chromedriver_win32\chromedriver.exe">
      <![CDATA[java.lang.IllegalStateException: The driver executable does not exist: D:\Neha Workspace\chromedriver_win32\chromedriver.exe
at com.google.common.base.Preconditions.checkState(Preconditions.java:585)
at org.openqa.selenium.remote.service.DriverService.checkExecutable(DriverService.java:136)
at org.openqa.selenium.remote.service.DriverService.findExecutable(DriverService.java:131)
at org.openqa.selenium.chrome.ChromeDriverService.access$000(ChromeDriverService.java:33)
at org.openqa.selenium.chrome.ChromeDriverService$Builder.findDefaultExecutable(ChromeDriverService.java:139)
at org.openqa.selenium.remote.service.DriverService$Builder.build(DriverService.java:335)
at org.openqa.selenium.chrome.ChromeDriverService.createDefaultService(ChromeDriverService.java:89)
at org.openqa.selenium.chrome.ChromeDriver.<init>(ChromeDriver.java:123)
at com.qait.tap.hristest.AutomationQAmaven.AppTest.before(AppTest.java:16)
at sun.reflect.NativeMethodAccessorImpl.invoke0(Native Method)
at sun.reflect.NativeMethodAccessorImpl.invoke(Unknown Source)
at sun.reflect.DelegatingMethodAccessorImpl.invoke(Unknown Source)
at java.lang.reflect.Method.invoke(Unknown Source)
at org.testng.internal.MethodInvocationHelper.invokeMethod(MethodInvocationHelper.java:124)
at org.testng.internal.MethodInvocationHelper.invokeMethodConsideringTimeout(MethodInvocationHelper.java:59)
at org.testng.internal.Invoker.invokeConfigurationMethod(Invoker.java:458)
at org.testng.internal.Invoker.invokeConfigurations(Invoker.java:222)
at org.testng.internal.Invoker.invokeConfigurations(Invoker.java:142)
at org.testng.internal.TestMethodWorker.invokeBeforeClassMethods(TestMethodWorker.java:168)
at org.testng.internal.TestMethodWorker.run(TestMethodWorker.java:105)
at org.testng.TestRunner.privateRun(TestRunner.java:648)
at org.testng.TestRunner.run(TestRunner.java:505)
at org.testng.SuiteRunner.runTest(SuiteRunner.java:455)
at org.testng.SuiteRunner.runSequentially(SuiteRunner.java:450)
at org.testng.SuiteRunner.privateRun(SuiteRunner.java:415)
at org.testng.SuiteRunner.run(SuiteRunner.java:364)
at org.testng.SuiteRunnerWorker.runSuite(SuiteRunnerWorker.java:52)
at org.testng.SuiteRunnerWorker.run(SuiteRunnerWorker.java:84)
at org.testng.TestNG.runSuitesSequentially(TestNG.java:1208)
at org.testng.TestNG.runSuitesLocally(TestNG.java:1137)
at org.testng.TestNG.runSuites(TestNG.java:1049)
at org.testng.TestNG.run(TestNG.java:1017)
at org.testng.remote.AbstractRemoteTestNG.run(AbstractRemoteTestNG.java:114)
at org.testng.remote.RemoteTestNG.initAndRun(RemoteTestNG.java:251)
at org.testng.remote.RemoteTestNG.main(RemoteTestNG.java:77)
]]>
    </error>
  </testcase> <!-- before -->
  <testcase name="page2" time="0.000" classname="com.qait.tap.hristest.AutomationQAmaven.AppTest">
    <skipped/>
  </testcase> <!-- page2 -->
  <testcase name="page4" time="0.000" classname="com.qait.tap.hristest.AutomationQAmaven.AppTest">
    <skipped/>
  </testcase> <!-- page4 -->
  <testcase name="page3" time="0.000" classname="com.qait.tap.hristest.AutomationQAmaven.AppTest">
    <skipped/>
  </testcase> <!-- page3 -->
  <testcase name="page5" time="0.000" classname="com.qait.tap.hristest.AutomationQAmaven.AppTest">
    <skipped/>
  </testcase> <!-- page5 -->
  <testcase name="page1" time="0.000" classname="com.qait.tap.hristest.AutomationQAmaven.AppTest">
    <skipped/>
  </testcase> <!-- page1 -->
</testsuite> <!-- com.qait.tap.hristest.AutomationQAmaven.AppTest -->
